<?xml version="1.0" encoding="UTF-8"?>
<!-- Generated by org.testng.reporters.JUnitXMLReporter -->
<testsuite hostname="MacBook-Pro.local" ignored="0" name="Sample" tests="3" failures="0" timestamp="30 May 2021 07:43:00 GMT" time="3.938" errors="0">
  <testcase name="verifyPostAPI" time="1.933" classname="com.api.test.reqres.testcases.PostAPI01"/>
  <testcase name="getAPI" time="0.533" classname="com.api.test.reqres.testcases.GetAPI"/>
  <testcase name="verifyDeleteAPI" time="1.073" classname="com.api.test.reqres.testcases.DeleteAPI"/>
</testsuite> <!-- Sample -->
